Flow report for ParteA
Thu Nov 24 16:04:46 2022
Quartus II 64-Bit Version 13.0.1 Build 232 06/12/2013 Service Pack 1 SJ Web Edition


---------------------
; Table of Contents ;
---------------------
  1. Legal Notice
  2. Flow Summary
  3. Flow Settings
  4. Flow Non-Default Global Settings
  5. Flow Elapsed Time
  6. Flow OS Summary
  7. Flow Log
  8. Flow Messages
  9. Flow Suppressed Messages



----------------
; Legal Notice ;
----------------
Copyright (C) 1991-2013 Altera Corporation
Your use of Altera Corporation's design tools, logic functions 
and other software and tools, and its AMPP partner logic 
functions, and any output files from any of the foregoing 
(including device programming or simulation files), and any 
associated documentation or information are expressly subject 
to the terms and conditions of the Altera Program License 
Subscription Agreement, Altera MegaCore Function License 
Agreement, or other applicable license agreement, including, 
without limitation, that your use is for the sole purpose of 
programming logic devices manufactured by Altera and sold by 
Altera or its authorized distributors.  Please refer to the 
applicable agreement for further details.



+--------------------------------------------------------------------------------------+
; Flow Summary                                                                         ;
+------------------------------------+-------------------------------------------------+
; Flow Status                        ; Successful - Thu Nov 24 16:04:46 2022           ;
; Quartus II 64-Bit Version          ; 13.0.1 Build 232 06/12/2013 SP 1 SJ Web Edition ;
; Revision Name                      ; ParteA                                          ;
; Top-level Entity Name              ; ParteA                                          ;
; Family                             ; Cyclone III                                     ;
; Device                             ; EP3C120F780C7                                   ;
; Timing Models                      ; Final                                           ;
; Total logic elements               ; 1 / 119,088 ( < 1 % )                           ;
;     Total combinational functions  ; 1 / 119,088 ( < 1 % )                           ;
;     Dedicated logic registers      ; 0 / 119,088 ( 0 % )                             ;
; Total registers                    ; 0                                               ;
; Total pins                         ; 3 / 532 ( < 1 % )                               ;
; Total virtual pins                 ; 0                                               ;
; Total memory bits                  ; 0 / 3,981,312 ( 0 % )                           ;
; Embedded Multiplier 9-bit elements ; 0 / 576 ( 0 % )                                 ;
; Total PLLs                         ; 0 / 4 ( 0 % )                                   ;
+------------------------------------+-------------------------------------------------+


+-----------------------------------------+
; Flow Settings                           ;
+-------------------+---------------------+
; Option            ; Setting             ;
+-------------------+---------------------+
; Start date & time ; 11/24/2022 16:04:14 ;
; Main task         ; Compilation         ;
; Revision Name     ; ParteA              ;
+-------------------+---------------------+


+-------------------------------------------------------------------------------------------------------------------------------------------------------------------+
; Flow Non-Default Global Settings                                                                                                                                  ;
+--------------------------------------+-----------------------------------------------------------------------------+---------------+-------------+----------------+
; Assignment Name                      ; Value                                                                       ; Default Value ; Entity Name ; Section Id     ;
+--------------------------------------+-----------------------------------------------------------------------------+---------------+-------------+----------------+
; COMPILER_SIGNATURE_ID                ; 168119030822071.166931665413472                                             ; --            ; --          ; --             ;
; EDA_DESIGN_INSTANCE_NAME             ; uut                                                                         ; --            ; --          ; testA          ;
; EDA_GENERATE_FUNCTIONAL_NETLIST      ; Off                                                                         ; --            ; --          ; eda_simulation ;
; EDA_NATIVELINK_SIMULATION_TEST_BENCH ; testA                                                                       ; --            ; --          ; eda_simulation ;
; EDA_NETLIST_WRITER_OUTPUT_DIR        ; C:\Users\Usuario\Documents\Ingenieria 2022\TYDD 2\Lab 2\P_A\simulation\qsim ; --            ; --          ; eda_simulation ;
; EDA_OUTPUT_DATA_FORMAT               ; Vhdl                                                                        ; --            ; --          ; eda_simulation ;
; EDA_SIMULATION_TOOL                  ; ModelSim-Altera (VHDL)                                                      ; <None>        ; --          ; --             ;
; EDA_TEST_BENCH_ENABLE_STATUS         ; TEST_BENCH_MODE                                                             ; --            ; --          ; eda_simulation ;
; EDA_TEST_BENCH_FILE                  ; testA.vhd                                                                   ; --            ; --          ; testA          ;
; EDA_TEST_BENCH_MODULE_NAME           ; testA                                                                       ; --            ; --          ; testA          ;
; EDA_TEST_BENCH_NAME                  ; testA                                                                       ; --            ; --          ; eda_simulation ;
; EDA_TIME_SCALE                       ; 1 ps                                                                        ; --            ; --          ; eda_simulation ;
; MAX_CORE_JUNCTION_TEMP               ; 85                                                                          ; --            ; --          ; --             ;
; MIN_CORE_JUNCTION_TEMP               ; 0                                                                           ; --            ; --          ; --             ;
; NOMINAL_CORE_SUPPLY_VOLTAGE          ; 1.2V                                                                        ; --            ; --          ; --             ;
; PARTITION_COLOR                      ; 16764057                                                                    ; --            ; --          ; Top            ;
; PARTITION_FITTER_PRESERVATION_LEVEL  ; PLACEMENT_AND_ROUTING                                                       ; --            ; --          ; Top            ;
; PARTITION_NETLIST_TYPE               ; SOURCE                                                                      ; --            ; --          ; Top            ;
; POWER_BOARD_THERMAL_MODEL            ; None (CONSERVATIVE)                                                         ; --            ; --          ; --             ;
; POWER_PRESET_COOLING_SOLUTION        ; 23 MM HEAT SINK WITH 200 LFPM AIRFLOW                                       ; --            ; --          ; --             ;
; PROJECT_OUTPUT_DIRECTORY             ; output_files                                                                ; --            ; --          ; --             ;
+--------------------------------------+-----------------------------------------------------------------------------+---------------+-------------+----------------+


+-------------------------------------------------------------------------------------------------------------------------------+
; Flow Elapsed Time                                                                                                             ;
+---------------------------+--------------+-------------------------+---------------------+------------------------------------+
; Module Name               ; Elapsed Time ; Average Processors Used ; Peak Virtual Memory ; Total CPU Time (on all processors) ;
+---------------------------+--------------+-------------------------+---------------------+------------------------------------+
; Analysis & Synthesis      ; 00:00:03     ; 1.0                     ; 4631 MB             ; 00:00:02                           ;
; Fitter                    ; 00:00:16     ; 1.0                     ; 5033 MB             ; 00:00:15                           ;
; Assembler                 ; 00:00:06     ; 1.0                     ; 4548 MB             ; 00:00:05                           ;
; TimeQuest Timing Analyzer ; 00:00:02     ; 1.0                     ; 4641 MB             ; 00:00:02                           ;
; EDA Netlist Writer        ; 00:00:01     ; 1.0                     ; 4520 MB             ; 00:00:01                           ;
; Total                     ; 00:00:28     ; --                      ; --                  ; 00:00:25                           ;
+---------------------------+--------------+-------------------------+---------------------+------------------------------------+


+----------------------------------------------------------------------------------------+
; Flow OS Summary                                                                        ;
+---------------------------+------------------+-----------+------------+----------------+
; Module Name               ; Machine Hostname ; OS Name   ; OS Version ; Processor type ;
+---------------------------+------------------+-----------+------------+----------------+
; Analysis & Synthesis      ; DESKTOP-J3FJ7MP  ; Windows 7 ; 6.2        ; x86_64         ;
; Fitter                    ; DESKTOP-J3FJ7MP  ; Windows 7 ; 6.2        ; x86_64         ;
; Assembler                 ; DESKTOP-J3FJ7MP  ; Windows 7 ; 6.2        ; x86_64         ;
; TimeQuest Timing Analyzer ; DESKTOP-J3FJ7MP  ; Windows 7 ; 6.2        ; x86_64         ;
; EDA Netlist Writer        ; DESKTOP-J3FJ7MP  ; Windows 7 ; 6.2        ; x86_64         ;
+---------------------------+------------------+-----------+------------+----------------+


------------
; Flow Log ;
------------
quartus_map --read_settings_files=on --write_settings_files=off ParteA -c ParteA
quartus_fit --read_settings_files=off --write_settings_files=off ParteA -c ParteA
quartus_asm --read_settings_files=off --write_settings_files=off ParteA -c ParteA
quartus_sta ParteA -c ParteA
quartus_eda --read_settings_files=off --write_settings_files=off ParteA -c ParteA



