Flow report for ParteB_FA
Fri Nov 25 11:49:10 2022
Quartus II 64-Bit Version 13.0.1 Build 232 06/12/2013 Service Pack 1 SJ Web Edition


---------------------
; Table of Contents ;
---------------------
  1. Legal Notice
  2. Flow Summary
  3. Flow Settings
  4. Flow Non-Default Global Settings
  5. Flow Elapsed Time
  6. Flow OS Summary
  7. Flow Log
  8. Flow Messages
  9. Flow Suppressed Messages



----------------
; Legal Notice ;
----------------
Copyright (C) 1991-2013 Altera Corporation
Your use of Altera Corporation's design tools, logic functions 
and other software and tools, and its AMPP partner logic 
functions, and any output files from any of the foregoing 
(including device programming or simulation files), and any 
associated documentation or information are expressly subject 
to the terms and conditions of the Altera Program License 
Subscription Agreement, Altera MegaCore Function License 
Agreement, or other applicable license agreement, including, 
without limitation, that your use is for the sole purpose of 
programming logic devices manufactured by Altera and sold by 
Altera or its authorized distributors.  Please refer to the 
applicable agreement for further details.



+--------------------------------------------------------------------------------------+
; Flow Summary                                                                         ;
+------------------------------------+-------------------------------------------------+
; Flow Status                        ; Successful - Fri Nov 25 11:49:10 2022           ;
; Quartus II 64-Bit Version          ; 13.0.1 Build 232 06/12/2013 SP 1 SJ Web Edition ;
; Revision Name                      ; ParteB_FA                                       ;
; Top-level Entity Name              ; Full_Adder                                      ;
; Family                             ; Cyclone III                                     ;
; Device                             ; EP3C120F780C7                                   ;
; Timing Models                      ; Final                                           ;
; Total logic elements               ; 5 / 119,088 ( < 1 % )                           ;
;     Total combinational functions  ; 2 / 119,088 ( < 1 % )                           ;
;     Dedicated logic registers      ; 5 / 119,088 ( < 1 % )                           ;
; Total registers                    ; 5                                               ;
; Total pins                         ; 6 / 532 ( 1 % )                                 ;
; Total virtual pins                 ; 0                                               ;
; Total memory bits                  ; 0 / 3,981,312 ( 0 % )                           ;
; Embedded Multiplier 9-bit elements ; 0 / 576 ( 0 % )                                 ;
; Total PLLs                         ; 0 / 4 ( 0 % )                                   ;
+------------------------------------+-------------------------------------------------+


+-----------------------------------------+
; Flow Settings                           ;
+-------------------+---------------------+
; Option            ; Setting             ;
+-------------------+---------------------+
; Start date & time ; 11/25/2022 11:48:41 ;
; Main task         ; Compilation         ;
; Revision Name     ; ParteB_FA           ;
+-------------------+---------------------+


+------------------------------------------------------------------------------------------------------------------------------+
; Flow Non-Default Global Settings                                                                                             ;
+--------------------------------------+---------------------------------------+---------------+-------------+-----------------+
; Assignment Name                      ; Value                                 ; Default Value ; Entity Name ; Section Id      ;
+--------------------------------------+---------------------------------------+---------------+-------------+-----------------+
; COMPILER_SIGNATURE_ID                ; 168119030822071.166938772110908       ; --            ; --          ; --              ;
; EDA_DESIGN_INSTANCE_NAME             ; uut                                   ; --            ; --          ; Full_Adder_test ;
; EDA_GENERATE_FUNCTIONAL_NETLIST      ; On                                    ; --            ; --          ; eda_simulation  ;
; EDA_NATIVELINK_SIMULATION_TEST_BENCH ; Full_Adder_test                       ; --            ; --          ; eda_simulation  ;
; EDA_OUTPUT_DATA_FORMAT               ; Vhdl                                  ; --            ; --          ; eda_simulation  ;
; EDA_SIMULATION_TOOL                  ; ModelSim-Altera (VHDL)                ; <None>        ; --          ; --              ;
; EDA_TEST_BENCH_ENABLE_STATUS         ; TEST_BENCH_MODE                       ; --            ; --          ; eda_simulation  ;
; EDA_TEST_BENCH_FILE                  ; Full_Adder_test.vhd                   ; --            ; --          ; Full_Adder_test ;
; EDA_TEST_BENCH_MODULE_NAME           ; Full_Adder_test                       ; --            ; --          ; Full_Adder_test ;
; EDA_TEST_BENCH_NAME                  ; Full_Adder_test                       ; --            ; --          ; eda_simulation  ;
; EDA_TEST_BENCH_RUN_SIM_FOR           ; 400 ns                                ; --            ; --          ; Full_Adder_test ;
; EDA_TIME_SCALE                       ; 1 ps                                  ; --            ; --          ; eda_simulation  ;
; MAX_CORE_JUNCTION_TEMP               ; 85                                    ; --            ; --          ; --              ;
; MIN_CORE_JUNCTION_TEMP               ; 0                                     ; --            ; --          ; --              ;
; NOMINAL_CORE_SUPPLY_VOLTAGE          ; 1.2V                                  ; --            ; --          ; --              ;
; PARTITION_COLOR                      ; 16764057                              ; --            ; Full_Adder  ; Top             ;
; PARTITION_FITTER_PRESERVATION_LEVEL  ; PLACEMENT_AND_ROUTING                 ; --            ; Full_Adder  ; Top             ;
; PARTITION_NETLIST_TYPE               ; SOURCE                                ; --            ; Full_Adder  ; Top             ;
; POWER_BOARD_THERMAL_MODEL            ; None (CONSERVATIVE)                   ; --            ; --          ; --              ;
; POWER_PRESET_COOLING_SOLUTION        ; 23 MM HEAT SINK WITH 200 LFPM AIRFLOW ; --            ; --          ; --              ;
; PROJECT_OUTPUT_DIRECTORY             ; output_files                          ; --            ; --          ; --              ;
; TOP_LEVEL_ENTITY                     ; Full_Adder                            ; ParteB_FA     ; --          ; --              ;
+--------------------------------------+---------------------------------------+---------------+-------------+-----------------+


+-------------------------------------------------------------------------------------------------------------------------------+
; Flow Elapsed Time                                                                                                             ;
+---------------------------+--------------+-------------------------+---------------------+------------------------------------+
; Module Name               ; Elapsed Time ; Average Processors Used ; Peak Virtual Memory ; Total CPU Time (on all processors) ;
+---------------------------+--------------+-------------------------+---------------------+------------------------------------+
; Analysis & Synthesis      ; 00:00:02     ; 1.0                     ; 4630 MB             ; 00:00:01                           ;
; Fitter                    ; 00:00:16     ; 1.0                     ; 5042 MB             ; 00:00:15                           ;
; Assembler                 ; 00:00:05     ; 1.0                     ; 4548 MB             ; 00:00:04                           ;
; TimeQuest Timing Analyzer ; 00:00:02     ; 1.0                     ; 4640 MB             ; 00:00:02                           ;
; EDA Netlist Writer        ; 00:00:00     ; 1.0                     ; 4504 MB             ; 00:00:01                           ;
; Total                     ; 00:00:25     ; --                      ; --                  ; 00:00:23                           ;
+---------------------------+--------------+-------------------------+---------------------+------------------------------------+


+----------------------------------------------------------------------------------------+
; Flow OS Summary                                                                        ;
+---------------------------+------------------+-----------+------------+----------------+
; Module Name               ; Machine Hostname ; OS Name   ; OS Version ; Processor type ;
+---------------------------+------------------+-----------+------------+----------------+
; Analysis & Synthesis      ; DESKTOP-J3FJ7MP  ; Windows 7 ; 6.2        ; x86_64         ;
; Fitter                    ; DESKTOP-J3FJ7MP  ; Windows 7 ; 6.2        ; x86_64         ;
; Assembler                 ; DESKTOP-J3FJ7MP  ; Windows 7 ; 6.2        ; x86_64         ;
; TimeQuest Timing Analyzer ; DESKTOP-J3FJ7MP  ; Windows 7 ; 6.2        ; x86_64         ;
; EDA Netlist Writer        ; DESKTOP-J3FJ7MP  ; Windows 7 ; 6.2        ; x86_64         ;
+---------------------------+------------------+-----------+------------+----------------+


------------
; Flow Log ;
------------
quartus_map --read_settings_files=on --write_settings_files=off ParteB_FA -c ParteB_FA
quartus_fit --read_settings_files=off --write_settings_files=off ParteB_FA -c ParteB_FA
quartus_asm --read_settings_files=off --write_settings_files=off ParteB_FA -c ParteB_FA
quartus_sta ParteB_FA -c ParteB_FA
quartus_eda --read_settings_files=off --write_settings_files=off ParteB_FA -c ParteB_FA



